This is pdfTeX, Version 3.141592653-2.6-1.40.25 (MiKTeX 23.5) (preloaded format=pdflatex 2023.7.13)  18 JUL 2023 15:01
entering extended mode
 restricted \write18 enabled.
 file:line:error style messages enabled.
 %&-line parsing enabled.
**c:/Users/norbs/modeling-and-application/OINS-by-Nguyen-2022/presentation-slides/OINS-latex-files/OINS-Nguyen-2022.tex
(c:/Users/norbs/modeling-and-application/OINS-by-Nguyen-2022/presentation-slides/OINS-latex-files/OINS-Nguyen-2022.tex
LaTeX2e <2023-06-01> patch level 1
L3 programming layer <2023-06-30>
(D:\Program Files (x86)\New folder\tex/latex/beamer\beamer.cls
Document Class: beamer 2023/05/15 v3.70 A class for typesetting presentations
(D:\Program Files (x86)\New folder\tex/latex/beamer\beamerbasemodes.sty (D:\Program Files (x86)\New folder\tex/latex/etoolbox\etoolbox.sty
Package: etoolbox 2020/10/05 v2.5k e-TeX tools for LaTeX (JAW)
\etb@tempcnta=\count185
)
\beamer@tempbox=\box51
\beamer@tempcount=\count186
\c@beamerpauses=\count187
 (D:\Program Files (x86)\New folder\tex/latex/beamer\beamerbasedecode.sty
\beamer@slideinframe=\count188
\beamer@minimum=\count189
\beamer@decode@box=\box52
)
\beamer@commentbox=\box53
\beamer@modecount=\count190
) (D:\Program Files (x86)\New folder\tex/generic/iftex\iftex.sty
Package: iftex 2022/02/03 v1.0f TeX engine tests
)
\headdp=\dimen140
\footheight=\dimen141
\sidebarheight=\dimen142
\beamer@tempdim=\dimen143
\beamer@finalheight=\dimen144
\beamer@animht=\dimen145
\beamer@animdp=\dimen146
\beamer@animwd=\dimen147
\beamer@leftmargin=\dimen148
\beamer@rightmargin=\dimen149
\beamer@leftsidebar=\dimen150
\beamer@rightsidebar=\dimen151
\beamer@boxsize=\dimen152
\beamer@vboxoffset=\dimen153
\beamer@descdefault=\dimen154
\beamer@descriptionwidth=\dimen155
\beamer@lastskip=\skip48
\beamer@areabox=\box54
\beamer@animcurrent=\box55
\beamer@animshowbox=\box56
\beamer@sectionbox=\box57
\beamer@logobox=\box58
\beamer@linebox=\box59
\beamer@sectioncount=\count191
\beamer@subsubsectionmax=\count192
\beamer@subsectionmax=\count193
\beamer@sectionmax=\count194
\beamer@totalheads=\count195
\beamer@headcounter=\count196
\beamer@partstartpage=\count197
\beamer@sectionstartpage=\count198
\beamer@subsectionstartpage=\count199
\beamer@animationtempa=\count266
\beamer@animationtempb=\count267
\beamer@xpos=\count268
\beamer@ypos=\count269
\beamer@ypos@offset=\count270
\beamer@showpartnumber=\count271
\beamer@currentsubsection=\count272
\beamer@coveringdepth=\count273
\beamer@sectionadjust=\count274
\beamer@toclastsection=\count275
\beamer@tocsectionnumber=\count276
 (D:\Program Files (x86)\New folder\tex/latex/beamer\beamerbaseoptions.sty (D:\Program Files (x86)\New folder\tex/latex/graphics\keyval.sty
Package: keyval 2022/05/29 v1.15 key=value parser (DPC)
\KV@toks@=\toks17
))
\beamer@paperwidth=\skip49
\beamer@paperheight=\skip50
 (D:\Program Files (x86)\New folder\tex/latex/geometry\geometry.sty
Package: geometry 2020/01/02 v5.9 Page Geometry
 (D:\Program Files (x86)\New folder\tex/generic/iftex\ifvtex.sty
Package: ifvtex 2019/10/25 v1.7 ifvtex legacy package. Use iftex instead.
)
\Gm@cnth=\count277
\Gm@cntv=\count278
\c@Gm@tempcnt=\count279
\Gm@bindingoffset=\dimen156
\Gm@wd@mp=\dimen157
\Gm@odd@mp=\dimen158
\Gm@even@mp=\dimen159
\Gm@layoutwidth=\dimen160
\Gm@layoutheight=\dimen161
\Gm@layouthoffset=\dimen162
\Gm@layoutvoffset=\dimen163
\Gm@dimlist=\toks18
 (D:\Program Files (x86)\New folder\tex/latex/geometry\geometry.cfg)) (D:\Program Files (x86)\New folder\tex/latex/pgf/math\pgfmath.sty (D:\Program Files (x86)\New folder\tex/latex/pgf/utilities\pgfrcs.sty (D:\Program Files (x86)\New folder\tex/generic/pgf/utilities\pgfutil-common.tex
\pgfutil@everybye=\toks19
\pgfutil@tempdima=\dimen164
\pgfutil@tempdimb=\dimen165
) (D:\Program Files (x86)\New folder\tex/generic/pgf/utilities\pgfutil-latex.def
\pgfutil@abb=\box60
) (D:\Program Files (x86)\New folder\tex/generic/pgf/utilities\pgfrcs.code.tex (D:\Program Files (x86)\New folder\tex/generic/pgf\pgf.revision.tex)
Package: pgfrcs 2023-01-15 v3.1.10 (3.1.10)
)) (D:\Program Files (x86)\New folder\tex/latex/pgf/utilities\pgfkeys.sty (D:\Program Files (x86)\New folder\tex/generic/pgf/utilities\pgfkeys.code.tex
\pgfkeys@pathtoks=\toks20
\pgfkeys@temptoks=\toks21
 (D:\Program Files (x86)\New folder\tex/generic/pgf/utilities\pgfkeyslibraryfiltered.code.tex
\pgfkeys@tmptoks=\toks22
))) (D:\Program Files (x86)\New folder\tex/generic/pgf/math\pgfmath.code.tex (D:\Program Files (x86)\New folder\tex/generic/pgf/math\pgfmathutil.code.tex
\pgf@x=\dimen166
\pgf@xa=\dimen167
\pgf@xb=\dimen168
\pgf@xc=\dimen169
\pgf@y=\dimen170
\pgf@ya=\dimen171
\pgf@yb=\dimen172
\pgf@yc=\dimen173
\c@pgf@counta=\count280
\c@pgf@countb=\count281
\c@pgf@countc=\count282
\c@pgf@countd=\count283
) (D:\Program Files (x86)\New folder\tex/generic/pgf/math\pgfmathparser.code.tex
\pgfmath@dimen=\dimen174
\pgfmath@count=\count284
\pgfmath@box=\box61
\pgfmath@toks=\toks23
\pgfmath@stack@operand=\toks24
\pgfmath@stack@operation=\toks25
) (D:\Program Files (x86)\New folder\tex/generic/pgf/math\pgfmathfunctions.code.tex) (D:\Program Files (x86)\New folder\tex/generic/pgf/math\pgfmathfunctions.basic.code.tex) (D:\Program Files (x86)\New folder\tex/generic/pgf/math\pgfmathfunctions.trigonometric.code.tex) (D:\Program Files (x86)\New folder\tex/generic/pgf/math\pgfmathfunctions.random.code.tex) (D:\Program Files (x86)\New folder\tex/generic/pgf/math\pgfmathfunctions.comparison.code.tex) (D:\Program Files (x86)\New folder\tex/generic/pgf/math\pgfmathfunctions.base.code.tex) (D:\Program Files (x86)\New folder\tex/generic/pgf/math\pgfmathfunctions.round.code.tex) (D:\Program Files (x86)\New folder\tex/generic/pgf/math\pgfmathfunctions.misc.code.tex) (D:\Program Files (x86)\New folder\tex/generic/pgf/math\pgfmathfunctions.integerarithmetics.code.tex) (D:\Program Files (x86)\New folder\tex/generic/pgf/math\pgfmathcalc.code.tex) (D:\Program Files (x86)\New folder\tex/generic/pgf/math\pgfmathfloat.code.tex
\c@pgfmathroundto@lastzeros=\count285
))) (D:\Program Files (x86)\New folder\tex/latex/base\size10.clo
File: size10.clo 2023/05/17 v1.4n Standard LaTeX file (size option)
) (D:\Program Files (x86)\New folder\tex/latex/pgf/basiclayer\pgfcore.sty (D:\Program Files (x86)\New folder\tex/latex/graphics\graphicx.sty
Package: graphicx 2021/09/16 v1.2d Enhanced LaTeX Graphics (DPC,SPQR)
 (D:\Program Files (x86)\New folder\tex/latex/graphics\graphics.sty
Package: graphics 2022/03/10 v1.4e Standard LaTeX Graphics (DPC,SPQR)
 (D:\Program Files (x86)\New folder\tex/latex/graphics\trig.sty
Package: trig 2021/08/11 v1.11 sin cos tan (DPC)
) (D:\Program Files (x86)\New folder\tex/latex/graphics-cfg\graphics.cfg
File: graphics.cfg 2016/06/04 v1.11 sample graphics configuration
)
Package graphics Info: Driver file: pdftex.def on input line 107.
 (D:\Program Files (x86)\New folder\tex/latex/graphics-def\pdftex.def
File: pdftex.def 2022/09/22 v1.2b Graphics/color driver for pdftex
))
\Gin@req@height=\dimen175
\Gin@req@width=\dimen176
) (D:\Program Files (x86)\New folder\tex/latex/pgf/systemlayer\pgfsys.sty (D:\Program Files (x86)\New folder\tex/generic/pgf/systemlayer\pgfsys.code.tex
Package: pgfsys 2023-01-15 v3.1.10 (3.1.10)
\pgf@x=\dimen177
\pgf@y=\dimen178
\pgf@xa=\dimen179
\pgf@ya=\dimen180
\pgf@xb=\dimen181
\pgf@yb=\dimen182
\pgf@xc=\dimen183
\pgf@yc=\dimen184
\pgf@xd=\dimen185
\pgf@yd=\dimen186
\w@pgf@writea=\write3
\r@pgf@reada=\read2
\c@pgf@counta=\count286
\c@pgf@countb=\count287
\c@pgf@countc=\count288
\c@pgf@countd=\count289
\t@pgf@toka=\toks26
\t@pgf@tokb=\toks27
\t@pgf@tokc=\toks28
\pgf@sys@id@count=\count290
 (D:\Program Files (x86)\New folder\tex/generic/pgf/systemlayer\pgf.cfg
File: pgf.cfg 2023-01-15 v3.1.10 (3.1.10)
)
Driver file for pgf: pgfsys-pdftex.def
 (D:\Program Files (x86)\New folder\tex/generic/pgf/systemlayer\pgfsys-pdftex.def
File: pgfsys-pdftex.def 2023-01-15 v3.1.10 (3.1.10)
 (D:\Program Files (x86)\New folder\tex/generic/pgf/systemlayer\pgfsys-common-pdf.def
File: pgfsys-common-pdf.def 2023-01-15 v3.1.10 (3.1.10)
))) (D:\Program Files (x86)\New folder\tex/generic/pgf/systemlayer\pgfsyssoftpath.code.tex
File: pgfsyssoftpath.code.tex 2023-01-15 v3.1.10 (3.1.10)
\pgfsyssoftpath@smallbuffer@items=\count291
\pgfsyssoftpath@bigbuffer@items=\count292
) (D:\Program Files (x86)\New folder\tex/generic/pgf/systemlayer\pgfsysprotocol.code.tex
File: pgfsysprotocol.code.tex 2023-01-15 v3.1.10 (3.1.10)
)) (D:\Program Files (x86)\New folder\tex/latex/xcolor\xcolor.sty
Package: xcolor 2022/06/12 v2.14 LaTeX color extensions (UK)
 (D:\Program Files (x86)\New folder\tex/latex/graphics-cfg\color.cfg
File: color.cfg 2016/01/02 v1.6 sample color configuration
)
Package xcolor Info: Driver file: pdftex.def on input line 227.
 (D:\Program Files (x86)\New folder\tex/latex/graphics\mathcolor.ltx)
Package xcolor Info: Model `cmy' substituted by `cmy0' on input line 1353.
Package xcolor Info: Model `hsb' substituted by `rgb' on input line 1357.
Package xcolor Info: Model `RGB' extended on input line 1369.
Package xcolor Info: Model `HTML' substituted by `rgb' on input line 1371.
Package xcolor Info: Model `Hsb' substituted by `hsb' on input line 1372.
Package xcolor Info: Model `tHsb' substituted by `hsb' on input line 1373.
Package xcolor Info: Model `HSB' substituted by `hsb' on input line 1374.
Package xcolor Info: Model `Gray' substituted by `gray' on input line 1375.
Package xcolor Info: Model `wave' substituted by `hsb' on input line 1376.
) (D:\Program Files (x86)\New folder\tex/generic/pgf/basiclayer\pgfcore.code.tex
Package: pgfcore 2023-01-15 v3.1.10 (3.1.10)
 (D:\Program Files (x86)\New folder\tex/generic/pgf/math\pgfint.code.tex) (D:\Program Files (x86)\New folder\tex/generic/pgf/basiclayer\pgfcorepoints.code.tex
File: pgfcorepoints.code.tex 2023-01-15 v3.1.10 (3.1.10)
\pgf@picminx=\dimen187
\pgf@picmaxx=\dimen188
\pgf@picminy=\dimen189
\pgf@picmaxy=\dimen190
\pgf@pathminx=\dimen191
\pgf@pathmaxx=\dimen192
\pgf@pathminy=\dimen193
\pgf@pathmaxy=\dimen194
\pgf@xx=\dimen195
\pgf@xy=\dimen196
\pgf@yx=\dimen197
\pgf@yy=\dimen198
\pgf@zx=\dimen199
\pgf@zy=\dimen256
) (D:\Program Files (x86)\New folder\tex/generic/pgf/basiclayer\pgfcorepathconstruct.code.tex
File: pgfcorepathconstruct.code.tex 2023-01-15 v3.1.10 (3.1.10)
\pgf@path@lastx=\dimen257
\pgf@path@lasty=\dimen258
) (D:\Program Files (x86)\New folder\tex/generic/pgf/basiclayer\pgfcorepathusage.code.tex
File: pgfcorepathusage.code.tex 2023-01-15 v3.1.10 (3.1.10)
\pgf@shorten@end@additional=\dimen259
\pgf@shorten@start@additional=\dimen260
) (D:\Program Files (x86)\New folder\tex/generic/pgf/basiclayer\pgfcorescopes.code.tex
File: pgfcorescopes.code.tex 2023-01-15 v3.1.10 (3.1.10)
\pgfpic=\box62
\pgf@hbox=\box63
\pgf@layerbox@main=\box64
\pgf@picture@serial@count=\count293
) (D:\Program Files (x86)\New folder\tex/generic/pgf/basiclayer\pgfcoregraphicstate.code.tex
File: pgfcoregraphicstate.code.tex 2023-01-15 v3.1.10 (3.1.10)
\pgflinewidth=\dimen261
) (D:\Program Files (x86)\New folder\tex/generic/pgf/basiclayer\pgfcoretransformations.code.tex
File: pgfcoretransformations.code.tex 2023-01-15 v3.1.10 (3.1.10)
\pgf@pt@x=\dimen262
\pgf@pt@y=\dimen263
\pgf@pt@temp=\dimen264
) (D:\Program Files (x86)\New folder\tex/generic/pgf/basiclayer\pgfcorequick.code.tex
File: pgfcorequick.code.tex 2023-01-15 v3.1.10 (3.1.10)
) (D:\Program Files (x86)\New folder\tex/generic/pgf/basiclayer\pgfcoreobjects.code.tex
File: pgfcoreobjects.code.tex 2023-01-15 v3.1.10 (3.1.10)
) (D:\Program Files (x86)\New folder\tex/generic/pgf/basiclayer\pgfcorepathprocessing.code.tex
File: pgfcorepathprocessing.code.tex 2023-01-15 v3.1.10 (3.1.10)
) (D:\Program Files (x86)\New folder\tex/generic/pgf/basiclayer\pgfcorearrows.code.tex
File: pgfcorearrows.code.tex 2023-01-15 v3.1.10 (3.1.10)
\pgfarrowsep=\dimen265
) (D:\Program Files (x86)\New folder\tex/generic/pgf/basiclayer\pgfcoreshade.code.tex
File: pgfcoreshade.code.tex 2023-01-15 v3.1.10 (3.1.10)
\pgf@max=\dimen266
\pgf@sys@shading@range@num=\count294
\pgf@shadingcount=\count295
) (D:\Program Files (x86)\New folder\tex/generic/pgf/basiclayer\pgfcoreimage.code.tex
File: pgfcoreimage.code.tex 2023-01-15 v3.1.10 (3.1.10)
) (D:\Program Files (x86)\New folder\tex/generic/pgf/basiclayer\pgfcoreexternal.code.tex
File: pgfcoreexternal.code.tex 2023-01-15 v3.1.10 (3.1.10)
\pgfexternal@startupbox=\box65
) (D:\Program Files (x86)\New folder\tex/generic/pgf/basiclayer\pgfcorelayers.code.tex
File: pgfcorelayers.code.tex 2023-01-15 v3.1.10 (3.1.10)
) (D:\Program Files (x86)\New folder\tex/generic/pgf/basiclayer\pgfcoretransparency.code.tex
File: pgfcoretransparency.code.tex 2023-01-15 v3.1.10 (3.1.10)
) (D:\Program Files (x86)\New folder\tex/generic/pgf/basiclayer\pgfcorepatterns.code.tex
File: pgfcorepatterns.code.tex 2023-01-15 v3.1.10 (3.1.10)
) (D:\Program Files (x86)\New folder\tex/generic/pgf/basiclayer\pgfcorerdf.code.tex
File: pgfcorerdf.code.tex 2023-01-15 v3.1.10 (3.1.10)
))) (D:\Program Files (x86)\New folder\tex/latex/pgf/utilities\xxcolor.sty
Package: xxcolor 2003/10/24 ver 0.1
\XC@nummixins=\count296
\XC@countmixins=\count297
) (D:\Program Files (x86)\New folder\tex/latex/base\atbegshi-ltx.sty
Package: atbegshi-ltx 2021/01/10 v1.0c Emulation of the original atbegshi
package with kernel methods
) (D:\Program Files (x86)\New folder\tex/latex/hyperref\hyperref.sty
Package: hyperref 2023-06-25 v7.01a Hypertext links for LaTeX
 (D:\Program Files (x86)\New folder\tex/generic/ltxcmds\ltxcmds.sty
Package: ltxcmds 2020-05-10 v1.25 LaTeX kernel commands for general use (HO)
) (D:\Program Files (x86)\New folder\tex/generic/pdftexcmds\pdftexcmds.sty
Package: pdftexcmds 2020-06-27 v0.33 Utility functions of pdfTeX for LuaTeX (HO)
 (D:\Program Files (x86)\New folder\tex/generic/infwarerr\infwarerr.sty
Package: infwarerr 2019/12/03 v1.5 Providing info/warning/error messages (HO)
)
Package pdftexcmds Info: \pdf@primitive is available.
Package pdftexcmds Info: \pdf@ifprimitive is available.
Package pdftexcmds Info: \pdfdraftmode found.
) (D:\Program Files (x86)\New folder\tex/latex/kvsetkeys\kvsetkeys.sty
Package: kvsetkeys 2022-10-05 v1.19 Key value parser (HO)
) (D:\Program Files (x86)\New folder\tex/generic/kvdefinekeys\kvdefinekeys.sty
Package: kvdefinekeys 2019-12-19 v1.6 Define keys (HO)
) (D:\Program Files (x86)\New folder\tex/generic/pdfescape\pdfescape.sty
Package: pdfescape 2019/12/09 v1.15 Implements pdfTeX's escape features (HO)
) (D:\Program Files (x86)\New folder\tex/latex/hycolor\hycolor.sty
Package: hycolor 2020-01-27 v1.10 Color options for hyperref/bookmark (HO)
) (D:\Program Files (x86)\New folder\tex/latex/letltxmacro\letltxmacro.sty
Package: letltxmacro 2019/12/03 v1.6 Let assignment for LaTeX macros (HO)
) (D:\Program Files (x86)\New folder\tex/latex/auxhook\auxhook.sty
Package: auxhook 2019-12-17 v1.6 Hooks for auxiliary files (HO)
) (D:\Program Files (x86)\New folder\tex/latex/hyperref\nameref.sty
Package: nameref 2023-06-18 v2.52 Cross-referencing by name of section
 (D:\Program Files (x86)\New folder\tex/latex/refcount\refcount.sty
Package: refcount 2019/12/15 v3.6 Data extraction from label references (HO)
) (D:\Program Files (x86)\New folder\tex/generic/gettitlestring\gettitlestring.sty
Package: gettitlestring 2019/12/15 v1.6 Cleanup title references (HO)
 (D:\Program Files (x86)\New folder\tex/latex/kvoptions\kvoptions.sty
Package: kvoptions 2022-06-15 v3.15 Key value format for package options (HO)
))
\c@section@level=\count298
)
\@linkdim=\dimen267
\Hy@linkcounter=\count299
\Hy@pagecounter=\count300
 (D:\Program Files (x86)\New folder\tex/latex/hyperref\pd1enc.def
File: pd1enc.def 2023-06-25 v7.01a Hyperref: PDFDocEncoding definition (HO)
Now handling font encoding PD1 ...
... no UTF-8 mapping file for font encoding PD1
) (D:\Program Files (x86)\New folder\tex/generic/intcalc\intcalc.sty
Package: intcalc 2019/12/15 v1.3 Expandable calculations with integers (HO)
)
\Hy@SavedSpaceFactor=\count301
 (D:\Program Files (x86)\New folder\tex/latex/hyperref\puenc.def
File: puenc.def 2023-06-25 v7.01a Hyperref: PDF Unicode definition (HO)
Now handling font encoding PU ...
... no UTF-8 mapping file for font encoding PU
)
Package hyperref Info: Option `bookmarks' set `true' on input line 4050.
Package hyperref Info: Option `bookmarksopen' set `true' on input line 4050.
Package hyperref Info: Option `implicit' set `false' on input line 4050.
Package hyperref Info: Hyper figures OFF on input line 4167.
Package hyperref Info: Link nesting OFF on input line 4172.
Package hyperref Info: Hyper index ON on input line 4175.
Package hyperref Info: Plain pages OFF on input line 4182.
Package hyperref Info: Backreferencing OFF on input line 4187.
Package hyperref Info: Implicit mode OFF; no redefinition of LaTeX internals.
Package hyperref Info: Bookmarks ON on input line 4434.
\c@Hy@tempcnt=\count302
 (D:\Program Files (x86)\New folder\tex/latex/url\url.sty
\Urlmuskip=\muskip16
Package: url 2013/09/16  ver 3.4  Verb mode for urls, etc.
)
LaTeX Info: Redefining \url on input line 4772.
\XeTeXLinkMargin=\dimen268
 (D:\Program Files (x86)\New folder\tex/generic/bitset\bitset.sty
Package: bitset 2019/12/09 v1.3 Handle bit-vector datatype (HO)
 (D:\Program Files (x86)\New folder\tex/generic/bigintcalc\bigintcalc.sty
Package: bigintcalc 2019/12/15 v1.5 Expandable calculations on big integers (HO)
))
\Fld@menulength=\count303
\Field@Width=\dimen269
\Fld@charsize=\dimen270
Package hyperref Info: Hyper figures OFF on input line 6051.
Package hyperref Info: Link nesting OFF on input line 6056.
Package hyperref Info: Hyper index ON on input line 6059.
Package hyperref Info: backreferencing OFF on input line 6066.
Package hyperref Info: Link coloring OFF on input line 6071.
Package hyperref Info: Link coloring with OCG OFF on input line 6076.
Package hyperref Info: PDF/A mode OFF on input line 6081.
\Hy@abspage=\count304


Package hyperref Message: Stopped early.

)
Package hyperref Info: Driver (autodetected): hpdftex.
 (D:\Program Files (x86)\New folder\tex/latex/hyperref\hpdftex.def
File: hpdftex.def 2023-06-25 v7.01a Hyperref driver for pdfTeX
 (D:\Program Files (x86)\New folder\tex/latex/base\atveryend-ltx.sty
Package: atveryend-ltx 2020/08/19 v1.0a Emulation of the original atveryend package
with kernel methods
)
\Fld@listcount=\count305
\c@bookmark@seq@number=\count306
 (D:\Program Files (x86)\New folder\tex/latex/rerunfilecheck\rerunfilecheck.sty
Package: rerunfilecheck 2022-07-10 v1.10 Rerun checks for auxiliary files (HO)
 (D:\Program Files (x86)\New folder\tex/generic/uniquecounter\uniquecounter.sty
Package: uniquecounter 2019/12/15 v1.4 Provide unlimited unique counter (HO)
)
Package uniquecounter Info: New unique counter `rerunfilecheck' on input line 285.
)) (D:\Program Files (x86)\New folder\tex/latex/beamer\beamerbaserequires.sty (D:\Program Files (x86)\New folder\tex/latex/beamer\beamerbasecompatibility.sty) (D:\Program Files (x86)\New folder\tex/latex/beamer\beamerbasefont.sty (D:\Program Files (x86)\New folder\tex/latex/amsfonts\amssymb.sty
Package: amssymb 2013/01/14 v3.01 AMS font symbols
 (D:\Program Files (x86)\New folder\tex/latex/amsfonts\amsfonts.sty
Package: amsfonts 2013/01/14 v3.01 Basic AMSFonts support
\@emptytoks=\toks29
\symAMSa=\mathgroup4
\symAMSb=\mathgroup5
LaTeX Font Info:    Redeclaring math symbol \hbar on input line 98.
LaTeX Font Info:    Overwriting math alphabet `\mathfrak' in version `bold'
(Font)                  U/euf/m/n --> U/euf/b/n on input line 106.
)) (D:\Program Files (x86)\New folder\tex/latex/sansmathaccent\sansmathaccent.sty
Package: sansmathaccent 2020/01/31
 (D:\Program Files (x86)\New folder\tex/latex/koma-script\scrlfile.sty
Package: scrlfile 2023/07/07 v3.41 KOMA-Script package (file load hooks)
 (D:\Program Files (x86)\New folder\tex/latex/koma-script\scrlfile-hook.sty
Package: scrlfile-hook 2023/07/07 v3.41 KOMA-Script package (using LaTeX hooks)
 (D:\Program Files (x86)\New folder\tex/latex/koma-script\scrlogo.sty
Package: scrlogo 2023/07/07 v3.41 KOMA-Script package (logo)
))))) (D:\Program Files (x86)\New folder\tex/latex/beamer\beamerbasetranslator.sty (D:\Program Files (x86)\New folder\tex/latex/translator\translator.sty
Package: translator 2021-05-31 v1.12d Easy translation of strings in LaTeX
)) (D:\Program Files (x86)\New folder\tex/latex/beamer\beamerbasemisc.sty) (D:\Program Files (x86)\New folder\tex/latex/beamer\beamerbasetwoscreens.sty) (D:\Program Files (x86)\New folder\tex/latex/beamer\beamerbaseoverlay.sty
\beamer@argscount=\count307
\beamer@lastskipcover=\skip51
\beamer@trivlistdepth=\count308
) (D:\Program Files (x86)\New folder\tex/latex/beamer\beamerbasetitle.sty) (D:\Program Files (x86)\New folder\tex/latex/beamer\beamerbasesection.sty
\c@lecture=\count309
\c@part=\count310
\c@section=\count311
\c@subsection=\count312
\c@subsubsection=\count313
) (D:\Program Files (x86)\New folder\tex/latex/beamer\beamerbaseframe.sty
\beamer@framebox=\box66
\beamer@frametitlebox=\box67
\beamer@zoombox=\box68
\beamer@zoomcount=\count314
\beamer@zoomframecount=\count315
\beamer@frametextheight=\dimen271
\c@subsectionslide=\count316
\beamer@frametopskip=\skip52
\beamer@framebottomskip=\skip53
\beamer@frametopskipautobreak=\skip54
\beamer@framebottomskipautobreak=\skip55
\beamer@envbody=\toks30
\framewidth=\dimen272
\c@framenumber=\count317
) (D:\Program Files (x86)\New folder\tex/latex/beamer\beamerbaseverbatim.sty
\beamer@verbatimfileout=\write4
) (D:\Program Files (x86)\New folder\tex/latex/beamer\beamerbaseframesize.sty
\beamer@splitbox=\box69
\beamer@autobreakcount=\count318
\beamer@autobreaklastheight=\dimen273
\beamer@frametitletoks=\toks31
\beamer@framesubtitletoks=\toks32
) (D:\Program Files (x86)\New folder\tex/latex/beamer\beamerbaseframecomponents.sty
\beamer@footins=\box70
) (D:\Program Files (x86)\New folder\tex/latex/beamer\beamerbasecolor.sty) (D:\Program Files (x86)\New folder\tex/latex/beamer\beamerbasenotes.sty
\beamer@frameboxcopy=\box71
) (D:\Program Files (x86)\New folder\tex/latex/beamer\beamerbasetoc.sty) (D:\Program Files (x86)\New folder\tex/latex/beamer\beamerbasetemplates.sty
\beamer@sbttoks=\toks33
 (D:\Program Files (x86)\New folder\tex/latex/beamer\beamerbaseauxtemplates.sty (D:\Program Files (x86)\New folder\tex/latex/beamer\beamerbaseboxes.sty
\bmb@box=\box72
\bmb@colorbox=\box73
\bmb@boxwidth=\dimen274
\bmb@boxheight=\dimen275
\bmb@prevheight=\dimen276
\bmb@temp=\dimen277
\bmb@dima=\dimen278
\bmb@dimb=\dimen279
\bmb@prevheight=\dimen280
)
\beamer@blockheadheight=\dimen281
)) (D:\Program Files (x86)\New folder\tex/latex/beamer\beamerbaselocalstructure.sty (D:\Program Files (x86)\New folder\tex/latex/tools\enumerate.sty
Package: enumerate 2015/07/23 v3.00 enumerate extensions (DPC)
\@enLab=\toks34
)
\beamer@bibiconwidth=\skip56
\c@figure=\count319
\c@table=\count320
\abovecaptionskip=\skip57
\belowcaptionskip=\skip58
) (D:\Program Files (x86)\New folder\tex/latex/beamer\beamerbasenavigation.sty (D:\Program Files (x86)\New folder\tex/latex/beamer\beamerbasenavigationsymbols.tex)
\beamer@section@min@dim=\dimen282
) (D:\Program Files (x86)\New folder\tex/latex/beamer\beamerbasetheorems.sty (D:\Program Files (x86)\New folder\tex/latex/amsmath\amsmath.sty
Package: amsmath 2023/05/13 v2.17o AMS math features
\@mathmargin=\skip59

For additional information on amsmath, use the `?' option.
(D:\Program Files (x86)\New folder\tex/latex/amsmath\amstext.sty
Package: amstext 2021/08/26 v2.01 AMS text
 (D:\Program Files (x86)\New folder\tex/latex/amsmath\amsgen.sty
File: amsgen.sty 1999/11/30 v2.0 generic functions
\@emptytoks=\toks35
\ex@=\dimen283
)) (D:\Program Files (x86)\New folder\tex/latex/amsmath\amsbsy.sty
Package: amsbsy 1999/11/29 v1.2d Bold Symbols
\pmbraise@=\dimen284
) (D:\Program Files (x86)\New folder\tex/latex/amsmath\amsopn.sty
Package: amsopn 2022/04/08 v2.04 operator names
)
\inf@bad=\count321
LaTeX Info: Redefining \frac on input line 234.
\uproot@=\count322
\leftroot@=\count323
LaTeX Info: Redefining \overline on input line 399.
LaTeX Info: Redefining \colon on input line 410.
\classnum@=\count324
\DOTSCASE@=\count325
LaTeX Info: Redefining \ldots on input line 496.
LaTeX Info: Redefining \dots on input line 499.
LaTeX Info: Redefining \cdots on input line 620.
\Mathstrutbox@=\box74
\strutbox@=\box75
LaTeX Info: Redefining \big on input line 722.
LaTeX Info: Redefining \Big on input line 723.
LaTeX Info: Redefining \bigg on input line 724.
LaTeX Info: Redefining \Bigg on input line 725.
\big@size=\dimen285
LaTeX Font Info:    Redeclaring font encoding OML on input line 743.
LaTeX Font Info:    Redeclaring font encoding OMS on input line 744.
\macc@depth=\count326
LaTeX Info: Redefining \bmod on input line 905.
LaTeX Info: Redefining \pmod on input line 910.
LaTeX Info: Redefining \smash on input line 940.
LaTeX Info: Redefining \relbar on input line 970.
LaTeX Info: Redefining \Relbar on input line 971.
\c@MaxMatrixCols=\count327
\dotsspace@=\muskip17
\c@parentequation=\count328
\dspbrk@lvl=\count329
\tag@help=\toks36
\row@=\count330
\column@=\count331
\maxfields@=\count332
\andhelp@=\toks37
\eqnshift@=\dimen286
\alignsep@=\dimen287
\tagshift@=\dimen288
\tagwidth@=\dimen289
\totwidth@=\dimen290
\lineht@=\dimen291
\@envbody=\toks38
\multlinegap=\skip60
\multlinetaggap=\skip61
\mathdisplay@stack=\toks39
LaTeX Info: Redefining \[ on input line 2953.
LaTeX Info: Redefining \] on input line 2954.
) (D:\Program Files (x86)\New folder\tex/latex/amscls\amsthm.sty
Package: amsthm 2020/05/29 v2.20.6
\thm@style=\toks40
\thm@bodyfont=\toks41
\thm@headfont=\toks42
\thm@notefont=\toks43
\thm@headpunct=\toks44
\thm@preskip=\skip62
\thm@postskip=\skip63
\thm@headsep=\skip64
\dth@everypar=\toks45
)
\c@theorem=\count333
) (D:\Program Files (x86)\New folder\tex/latex/beamer\beamerbasethemes.sty)) (D:\Program Files (x86)\New folder\tex/latex/beamer\beamerthemedefault.sty (D:\Program Files (x86)\New folder\tex/latex/beamer\beamerfontthemedefault.sty) (D:\Program Files (x86)\New folder\tex/latex/beamer\beamercolorthemedefault.sty) (D:\Program Files (x86)\New folder\tex/latex/beamer\beamerinnerthemedefault.sty
\beamer@dima=\dimen292
\beamer@dimb=\dimen293
) (D:\Program Files (x86)\New folder\tex/latex/beamer\beamerouterthemedefault.sty))) (D:\Program Files (x86)\New folder\tex/latex/beamer-verona\beamerthemeVerona.sty
Package: beamerthemeVerona 2015/12/23 v.0.2 Themes for the Beamer class
 (D:\Program Files (x86)\New folder\tex/latex/pgf/frontendlayer\tikz.sty (D:\Program Files (x86)\New folder\tex/latex/pgf/basiclayer\pgf.sty
Package: pgf 2023-01-15 v3.1.10 (3.1.10)
 (D:\Program Files (x86)\New folder\tex/generic/pgf/modules\pgfmoduleshapes.code.tex
File: pgfmoduleshapes.code.tex 2023-01-15 v3.1.10 (3.1.10)
\pgfnodeparttextbox=\box76
) (D:\Program Files (x86)\New folder\tex/generic/pgf/modules\pgfmoduleplot.code.tex
File: pgfmoduleplot.code.tex 2023-01-15 v3.1.10 (3.1.10)
) (D:\Program Files (x86)\New folder\tex/latex/pgf/compatibility\pgfcomp-version-0-65.sty
Package: pgfcomp-version-0-65 2023-01-15 v3.1.10 (3.1.10)
\pgf@nodesepstart=\dimen294
\pgf@nodesepend=\dimen295
) (D:\Program Files (x86)\New folder\tex/latex/pgf/compatibility\pgfcomp-version-1-18.sty
Package: pgfcomp-version-1-18 2023-01-15 v3.1.10 (3.1.10)
)) (D:\Program Files (x86)\New folder\tex/latex/pgf/utilities\pgffor.sty (D:\Program Files (x86)\New folder\tex/generic/pgf/utilities\pgffor.code.tex
Package: pgffor 2023-01-15 v3.1.10 (3.1.10)
\pgffor@iter=\dimen296
\pgffor@skip=\dimen297
\pgffor@stack=\toks46
\pgffor@toks=\toks47
)) (D:\Program Files (x86)\New folder\tex/generic/pgf/frontendlayer/tikz\tikz.code.tex
Package: tikz 2023-01-15 v3.1.10 (3.1.10)
 (D:\Program Files (x86)\New folder\tex/generic/pgf/libraries\pgflibraryplothandlers.code.tex
File: pgflibraryplothandlers.code.tex 2023-01-15 v3.1.10 (3.1.10)
\pgf@plot@mark@count=\count334
\pgfplotmarksize=\dimen298
)
\tikz@lastx=\dimen299
\tikz@lasty=\dimen300
\tikz@lastxsaved=\dimen301
\tikz@lastysaved=\dimen302
\tikz@lastmovetox=\dimen303
\tikz@lastmovetoy=\dimen304
\tikzleveldistance=\dimen305
\tikzsiblingdistance=\dimen306
\tikz@figbox=\box77
\tikz@figbox@bg=\box78
\tikz@tempbox=\box79
\tikz@tempbox@bg=\box80
\tikztreelevel=\count335
\tikznumberofchildren=\count336
\tikznumberofcurrentchild=\count337
\tikz@fig@count=\count338
 (D:\Program Files (x86)\New folder\tex/generic/pgf/modules\pgfmodulematrix.code.tex
File: pgfmodulematrix.code.tex 2023-01-15 v3.1.10 (3.1.10)
\pgfmatrixcurrentrow=\count339
\pgfmatrixcurrentcolumn=\count340
\pgf@matrix@numberofcolumns=\count341
)
\tikz@expandcount=\count342
 (D:\Program Files (x86)\New folder\tex/generic/pgf/frontendlayer/tikz/libraries\tikzlibrarytopaths.code.tex
File: tikzlibrarytopaths.code.tex 2023-01-15 v3.1.10 (3.1.10)
))) (D:\Program Files (x86)\New folder\tex/latex/tcolorbox\tcolorbox.sty
Package: tcolorbox 2023/06/19 version 6.0.4 text color boxes
 (D:\Program Files (x86)\New folder\tex/latex/tools\verbatim.sty
Package: verbatim 2022-07-02 v1.5u LaTeX2e package for verbatim enhancements
\every@verbatim=\toks48
\verbatim@line=\toks49
\verbatim@in@stream=\read3
) (D:\Program Files (x86)\New folder\tex/latex/environ\environ.sty
Package: environ 2014/05/04 v0.3 A new way to define environments
 (D:\Program Files (x86)\New folder\tex/latex/trimspaces\trimspaces.sty
Package: trimspaces 2009/09/17 v1.1 Trim spaces around a token list
))
\tcb@titlebox=\box81
\tcb@upperbox=\box82
\tcb@lowerbox=\box83
\tcb@phantombox=\box84
\c@tcbbreakpart=\count343
\c@tcblayer=\count344
\c@tcolorbox@number=\count345
\tcb@temp=\box85
\tcb@temp=\box86
\tcb@temp=\box87
\tcb@temp=\box88
) (D:\Program Files (x86)\New folder\tex/latex/tcolorbox\tcbskins.code.tex
Library (tcolorbox): 'tcbskins.code.tex' version '6.0.4'
(D:\Program Files (x86)\New folder\tex/latex/tikzfill\tikzfill.image.sty
Package: tikzfill.image 2022/07/20 v1.0.0 Image filling library for TikZ
 (D:\Program Files (x86)\New folder\tex/latex/tikzfill\tikzfill-common.sty
Package: tikzfill-common 2022/07/20 v1.0.0 Auxiliary code for tikzfill
) (D:\Program Files (x86)\New folder\tex/latex/tikzfill\tikzlibraryfill.image.code.tex
File: tikzlibraryfill.image.code.tex 2022/07/20 v1.0.0 Image filling library
\l__tikzfill_img_box=\box89
)) (D:\Program Files (x86)\New folder\tex/latex/tcolorbox\tcbskinsjigsaw.code.tex
Library (tcolorbox): 'tcbskinsjigsaw.code.tex' version '6.0.4'
))
\frametitlesidebar=\skip65
) (D:\Program Files (x86)\New folder\tex/latex/pgfplots\pgfplots.sty (D:\Program Files (x86)\New folder\tex/generic/pgfplots\pgfplots.revision.tex)
Package: pgfplots 2021/05/15 v1.18.1 Data Visualization (1.18.1)
 (D:\Program Files (x86)\New folder\tex/generic/pgfplots\pgfplots.code.tex (D:\Program Files (x86)\New folder\tex/generic/pgfplots\pgfplotscore.code.tex
\t@pgfplots@toka=\toks50
\t@pgfplots@tokb=\toks51
\t@pgfplots@tokc=\toks52
\pgfplots@tmpa=\dimen307
\c@pgfplots@coordindex=\count346
\c@pgfplots@scanlineindex=\count347
 (D:\Program Files (x86)\New folder\tex/generic/pgfplots/sys\pgfplotssysgeneric.code.tex)) (D:\Program Files (x86)\New folder\tex/generic/pgfplots/libs\pgfplotslibrary.code.tex) (D:\Program Files (x86)\New folder\tex/generic/pgfplots/oldpgfcompatib\pgfplotsoldpgfsupp_loader.code.tex (D:\Program Files (x86)\New folder\tex/generic/pgf/libraries\pgflibraryfpu.code.tex)
Package pgfplots: loading complementary utilities for your pgf version...
\t@pgf@toka=\toks53
\t@pgf@tokb=\toks54
\t@pgf@tokc=\toks55
(D:\Program Files (x86)\New folder\tex/generic/pgfplots/oldpgfcompatib\pgfplotsoldpgfsupp_pgfutil-common-lists.tex)) (D:\Program Files (x86)\New folder\tex/generic/pgfplots/util\pgfplotsutil.code.tex (D:\Program Files (x86)\New folder\tex/generic/pgfplots/liststructure\pgfplotsliststructure.code.tex) (D:\Program Files (x86)\New folder\tex/generic/pgfplots/liststructure\pgfplotsliststructureext.code.tex) (D:\Program Files (x86)\New folder\tex/generic/pgfplots/liststructure\pgfplotsarray.code.tex
\c@pgfplotsarray@tmp=\count348
) (D:\Program Files (x86)\New folder\tex/generic/pgfplots/liststructure\pgfplotsmatrix.code.tex) (D:\Program Files (x86)\New folder\tex/generic/pgfplots/numtable\pgfplotstableshared.code.tex
\c@pgfplotstable@counta=\count349
\t@pgfplotstable@a=\toks56
) (D:\Program Files (x86)\New folder\tex/generic/pgfplots/liststructure\pgfplotsdeque.code.tex) (D:\Program Files (x86)\New folder\tex/generic/pgfplots/util\pgfplotsbinary.code.tex (D:\Program Files (x86)\New folder\tex/generic/pgfplots/util\pgfplotsbinary.data.code.tex)) (D:\Program Files (x86)\New folder\tex/generic/pgfplots/util\pgfplotsutil.verb.code.tex) (D:\Program Files (x86)\New folder\tex/generic/pgfplots/libs\pgflibrarypgfplots.surfshading.code.tex
\c@pgfplotslibrarysurf@no=\count350
 (D:\Program Files (x86)\New folder\tex/generic/pgfplots/sys\pgflibrarypgfplots.surfshading.pgfsys-pdftex.def))) (D:\Program Files (x86)\New folder\tex/generic/pgfplots/util\pgfplotscolormap.code.tex (D:\Program Files (x86)\New folder\tex/generic/pgfplots/util\pgfplotscolor.code.tex)) (D:\Program Files (x86)\New folder\tex/generic/pgfplots\pgfplotsstackedplots.code.tex) (D:\Program Files (x86)\New folder\tex/generic/pgfplots\pgfplotsplothandlers.code.tex (D:\Program Files (x86)\New folder\tex/generic/pgfplots\pgfplotsmeshplothandler.code.tex (D:\Program Files (x86)\New folder\tex/generic/pgfplots\pgfplotsmeshplotimage.code.tex))) (D:\Program Files (x86)\New folder\tex/generic/pgfplots\pgfplots.scaling.code.tex) (D:\Program Files (x86)\New folder\tex/generic/pgfplots\pgfplotscoordprocessing.code.tex) (D:\Program Files (x86)\New folder\tex/generic/pgfplots\pgfplots.errorbars.code.tex) (D:\Program Files (x86)\New folder\tex/generic/pgfplots\pgfplots.markers.code.tex) (D:\Program Files (x86)\New folder\tex/generic/pgfplots\pgfplotsticks.code.tex) (D:\Program Files (x86)\New folder\tex/generic/pgfplots\pgfplots.paths.code.tex) (D:\Program Files (x86)\New folder\tex/generic/pgf/frontendlayer/tikz/libraries\tikzlibrarydecorations.code.tex (D:\Program Files (x86)\New folder\tex/generic/pgf/modules\pgfmoduledecorations.code.tex
\pgfdecoratedcompleteddistance=\dimen308
\pgfdecoratedremainingdistance=\dimen309
\pgfdecoratedinputsegmentcompleteddistance=\dimen310
\pgfdecoratedinputsegmentremainingdistance=\dimen311
\pgf@decorate@distancetomove=\dimen312
\pgf@decorate@repeatstate=\count351
\pgfdecorationsegmentamplitude=\dimen313
\pgfdecorationsegmentlength=\dimen314
)
\tikz@lib@dec@box=\box90
) (D:\Program Files (x86)\New folder\tex/generic/pgf/frontendlayer/tikz/libraries\tikzlibrarydecorations.pathmorphing.code.tex (D:\Program Files (x86)\New folder\tex/generic/pgf/libraries/decorations\pgflibrarydecorations.pathmorphing.code.tex)) (D:\Program Files (x86)\New folder\tex/generic/pgf/frontendlayer/tikz/libraries\tikzlibrarydecorations.pathreplacing.code.tex (D:\Program Files (x86)\New folder\tex/generic/pgf/libraries/decorations\pgflibrarydecorations.pathreplacing.code.tex)) (D:\Program Files (x86)\New folder\tex/generic/pgfplots/libs\tikzlibrarypgfplots.contourlua.code.tex)
\pgfplots@numplots=\count352
\pgfplots@xmin@reg=\dimen315
\pgfplots@xmax@reg=\dimen316
\pgfplots@ymin@reg=\dimen317
\pgfplots@ymax@reg=\dimen318
\pgfplots@zmin@reg=\dimen319
\pgfplots@zmax@reg=\dimen320
) (D:\Program Files (x86)\New folder\tex/generic/pgf/frontendlayer/tikz/libraries\tikzlibraryplotmarks.code.tex
File: tikzlibraryplotmarks.code.tex 2023-01-15 v3.1.10 (3.1.10)
 (D:\Program Files (x86)\New folder\tex/generic/pgf/libraries\pgflibraryplotmarks.code.tex
File: pgflibraryplotmarks.code.tex 2023-01-15 v3.1.10 (3.1.10)
))) (D:\Program Files (x86)\New folder\tex/latex/jknappen\mathrsfs.sty
Package: mathrsfs 1996/01/01 Math RSFS package v1.0 (jk)
\symrsfs=\mathgroup6
) (D:\Program Files (x86)\New folder\tex/generic/pgf/frontendlayer/tikz/libraries\tikzlibraryarrows.code.tex
File: tikzlibraryarrows.code.tex 2023-01-15 v3.1.10 (3.1.10)
 (D:\Program Files (x86)\New folder\tex/generic/pgf/libraries\pgflibraryarrows.code.tex
File: pgflibraryarrows.code.tex 2023-01-15 v3.1.10 (3.1.10)
\arrowsize=\dimen321
)) (D:\Program Files (x86)\New folder\tex/generic/pgf/frontendlayer/tikz/libraries\tikzlibraryangles.code.tex
File: tikzlibraryangles.code.tex 2023-01-15 v3.1.10 (3.1.10)
) (D:\Program Files (x86)\New folder\tex/latex/base\fontenc.sty
Package: fontenc 2021/04/29 v2.0v Standard LaTeX package
) (D:\Program Files (x86)\New folder\tex/latex/base\inputenc.sty
Package: inputenc 2021/02/14 v1.3d Input encoding file
\inpenc@prehook=\toks57
\inpenc@posthook=\toks58
) (D:\Program Files (x86)\New folder\tex/latex/lipsum\lipsum.sty (D:\Program Files (x86)\New folder\tex/latex/l3packages/l3keys2e\l3keys2e.sty (D:\Program Files (x86)\New folder\tex/latex/l3kernel\expl3.sty
Package: expl3 2023-06-30 L3 programming layer (loader) 
 (D:\Program Files (x86)\New folder\tex/latex/l3backend\l3backend-pdftex.def
File: l3backend-pdftex.def 2023-04-19 L3 backend support: PDF output (pdfTeX)
\l__color_backend_stack_int=\count353
\l__pdf_internal_box=\box91
))
Package: l3keys2e 2023-02-02 LaTeX2e option processing using LaTeX3 keys
)
Package: lipsum 2021-09-20 v2.7 150 paragraphs of Lorem Ipsum dummy text
\g__lipsum_par_int=\count354
\l__lipsum_a_int=\count355
\l__lipsum_b_int=\count356
 (D:\Program Files (x86)\New folder\tex/latex/lipsum\lipsum.ltd.tex))

c:/Users/norbs/modeling-and-application/OINS-by-Nguyen-2022/presentation-slides/OINS-latex-files/OINS-Nguyen-2022.tex:28: LaTeX Error: Option clash for package xcolor.

See the LaTeX manual or LaTeX Companion for explanation.
Type  H <return>  for immediate help.
 ...                                              
                                                  
l.28 \providecommand
                    {\lishu}{\CJKfamily{zhli}}
The package xcolor has already been loaded with options:
  []
There has now been an attempt to load it with options
  [dvipsnames]
Adding the global options:
  ,dvipsnames
to your \documentclass declaration may fix this.
Try typing  <return>  to proceed.

(D:\Program Files (x86)\New folder\tex/generic/pgf/frontendlayer/tikz/libraries\tikzlibraryfadings.code.tex
File: tikzlibraryfadings.code.tex 2023-01-15 v3.1.10 (3.1.10)
 (D:\Program Files (x86)\New folder\tex/generic/pgf/libraries\pgflibraryfadings.code.tex
File: pgflibraryfadings.code.tex 2023-01-15 v3.1.10 (3.1.10)
)) (D:\Program Files (x86)\New folder\tex/xelatex/xecjk\xeCJK.sty
Package: xeCJK 2022/08/05 v3.9.1 Typesetting CJK scripts with XeLaTeX


D:\Program Files (x86)\New folder\tex/xelatex/xecjk\xeCJK.sty:43: Critical Package xeCJK Error: The xeCJK package requires XeTeX to function.
(xeCJK)                         
(xeCJK)                         You must change your typesetting engine to
(xeCJK)                         "xelatex"
(xeCJK)                         instead of plain "latex" or "pdflatex" or
(xeCJK)                         "lualatex".
(xeCJK)                         Loading xeCJK will abort!

Type <return> to continue.
 ...                                              
                                                  
l.43 ..._critical:nn { xeCJK } { Require-XeTeX } }
                                                  

LaTeX does not know anything more about this error, sorry.

Try typing <return> to proceed.
If that doesn't work, type X <return> to quit.

Reading the current file 'xeCJK' will stop.


) (D:\Program Files (x86)\New folder\tex/latex/listings\listings.sty
\lst@mode=\count357
\lst@gtempboxa=\box92
\lst@token=\toks59
\lst@length=\count358
\lst@currlwidth=\dimen322
\lst@column=\count359
\lst@pos=\count360
\lst@lostspace=\dimen323
\lst@width=\dimen324
\lst@newlines=\count361
\lst@lineno=\count362
\lst@maxwidth=\dimen325
 (D:\Program Files (x86)\New folder\tex/latex/listings\lstmisc.sty
File: lstmisc.sty 2023/02/27 1.9 (Carsten Heinz)
\c@lstnumber=\count363
\lst@skipnumbers=\count364
\lst@framebox=\box93
) (D:\Program Files (x86)\New folder\tex/latex/listings\listings.cfg
File: listings.cfg 2023/02/27 1.9 listings configuration
))
Package: listings 2023/02/27 1.9 (Carsten Heinz)
 (D:\Program Files (x86)\New folder\tex/latex/caption\caption.sty
Package: caption 2023/03/12 v3.6j Customizing captions (AR)
 (D:\Program Files (x86)\New folder\tex/latex/caption\caption3.sty
Package: caption3 2023/03/12 v2.4 caption3 kernel (AR)
\caption@tempdima=\dimen326
\captionmargin=\dimen327
\caption@leftmargin=\dimen328
\caption@rightmargin=\dimen329
\caption@width=\dimen330
\caption@indent=\dimen331
\caption@parindent=\dimen332
\caption@hangindent=\dimen333
Package caption Info: beamer document class detected.
 (D:\Program Files (x86)\New folder\tex/latex/caption\caption-beamer.sto
File: caption-beamer.sto 2022/01/06 v2.0c Adaption of the caption package to the beamer document classes (AR)
))
\c@caption@flags=\count365
\c@continuedfloat=\count366
Package caption Info: hyperref package is loaded.
Package caption Info: Hyperref support is turned off
(caption)             because hyperref has stopped early.
Package caption Info: listings package is loaded.
) (D:\Program Files (x86)\New folder\tex/latex/subfigure\subfigure.sty
Package: subfigure 2002/07/30 v2.1.4 subfigure package
\subfigtopskip=\skip66
\subfigcapskip=\skip67
\subfigcaptopadj=\dimen334
\subfigbottomskip=\skip68
\subfigcapmargin=\dimen335
\subfiglabelskip=\skip69
\c@subfigure=\count367
\c@lofdepth=\count368
\c@subtable=\count369
\c@lotdepth=\count370

****************************************
* Local config file subfigure.cfg used *
****************************************
(D:\Program Files (x86)\New folder\tex/latex/subfigure\subfigure.cfg)
\subfig@top=\skip70
\subfig@bottom=\skip71
) (D:\Program Files (x86)\New folder\tex/latex/beamer\beamerfontthemeprofessionalfonts.sty) (D:\Program Files (x86)\New folder\tex/latex/multirow\multirow.sty
Package: multirow 2021/03/15 v2.8 Span multiple rows of a table
\multirow@colwidth=\skip72
\multirow@cntb=\count371
\multirow@dima=\skip73
\bigstrutjot=\dimen336
) (D:\Program Files (x86)\New folder\tex/latex/booktabs\booktabs.sty
Package: booktabs 2020/01/12 v1.61803398 Publication quality tables
\heavyrulewidth=\dimen337
\lightrulewidth=\dimen338
\cmidrulewidth=\dimen339
\belowrulesep=\dimen340
\belowbottomsep=\dimen341
\aboverulesep=\dimen342
\abovetopsep=\dimen343
\cmidrulesep=\dimen344
\cmidrulekern=\dimen345
\defaultaddspace=\dimen346
\@cmidla=\count372
\@cmidlb=\count373
\@aboverulesep=\dimen347
\@belowrulesep=\dimen348
\@thisruleclass=\count374
\@lastruleclass=\count375
\@thisrulewidth=\dimen349
) (D:\Program Files (x86)\New folder\tex/latex/tools\bm.sty
Package: bm 2022/01/05 v1.2f Bold Symbol Support (DPC/FMi)
\symboldoperators=\mathgroup7
\symboldletters=\mathgroup8
\symboldsymbols=\mathgroup9
Package bm Info: No bold for \OMX/cmex/m/n, using \pmb.
Package bm Info: No bold for \U/msa/m/n, using \pmb.
Package bm Info: No bold for \U/msb/m/n, using \pmb.
Package bm Info: No bold for \U/rsfs/m/n, using \pmb.
LaTeX Font Info:    Redeclaring math alphabet \mathbf on input line 149.
) (OINS-Nguyen-2022.aux)
\openout1 = `OINS-Nguyen-2022.aux'.

LaTeX Font Info:    Checking defaults for OML/cmm/m/it on input line 75.
LaTeX Font Info:    ... okay on input line 75.
LaTeX Font Info:    Checking defaults for OMS/cmsy/m/n on input line 75.
LaTeX Font Info:    ... okay on input line 75.
LaTeX Font Info:    Checking defaults for OT1/cmr/m/n on input line 75.
LaTeX Font Info:    ... okay on input line 75.
LaTeX Font Info:    Checking defaults for T1/cmr/m/n on input line 75.
LaTeX Font Info:    ... okay on input line 75.
LaTeX Font Info:    Checking defaults for TS1/cmr/m/n on input line 75.
LaTeX Font Info:    ... okay on input line 75.
LaTeX Font Info:    Checking defaults for OMX/cmex/m/n on input line 75.
LaTeX Font Info:    ... okay on input line 75.
LaTeX Font Info:    Checking defaults for U/cmr/m/n on input line 75.
LaTeX Font Info:    ... okay on input line 75.
LaTeX Font Info:    Checking defaults for PD1/pdf/m/n on input line 75.
LaTeX Font Info:    ... okay on input line 75.
LaTeX Font Info:    Checking defaults for PU/pdf/m/n on input line 75.
LaTeX Font Info:    ... okay on input line 75.

*geometry* driver: auto-detecting
*geometry* detected driver: pdftex
*geometry* verbose mode - [ preamble ] result:
* driver: pdftex
* paper: custom
* layout: <same size as paper>
* layoutoffset:(h,v)=(0.0pt,0.0pt)
* modes: includehead includefoot 
* h-part:(L,W,R)=(8.53581pt, 438.17245pt, 8.53581pt)
* v-part:(T,H,B)=(0.0pt, 256.0748pt, 0.0pt)
* \paperwidth=455.24408pt
* \paperheight=256.0748pt
* \textwidth=438.17245pt
* \textheight=227.62207pt
* \oddsidemargin=-63.73418pt
* \evensidemargin=-63.73418pt
* \topmargin=-72.26999pt
* \headheight=14.22636pt
* \headsep=0.0pt
* \topskip=10.0pt
* \footskip=14.22636pt
* \marginparwidth=3.0pt
* \marginparsep=11.0pt
* \columnsep=10.0pt
* \skip\footins=9.0pt plus 4.0pt minus 2.0pt
* \hoffset=0.0pt
* \voffset=0.0pt
* \mag=1000
* \@twocolumnfalse
* \@twosidefalse
* \@mparswitchfalse
* \@reversemarginfalse
* (1in=72.27pt=25.4mm, 1cm=28.453pt)

(D:\Program Files (x86)\New folder\tex/context/base/mkii\supp-pdf.mkii
[Loading MPS to PDF converter (version 2006.09.02).]
\scratchcounter=\count376
\scratchdimen=\dimen350
\scratchbox=\box94
\nofMPsegments=\count377
\nofMParguments=\count378
\everyMPshowfont=\toks60
\MPscratchCnt=\count379
\MPscratchDim=\dimen351
\MPnumerator=\count380
\makeMPintoPDFobject=\count381
\everyMPtoPDFconversion=\toks61
) (D:\Program Files (x86)\New folder\tex/latex/epstopdf-pkg\epstopdf-base.sty
Package: epstopdf-base 2020-01-24 v2.11 Base part for package epstopdf
Package epstopdf-base Info: Redefining graphics rule for `.eps' on input line 485.
 (D:\Program Files (x86)\New folder\tex/latex/00miktex\epstopdf-sys.cfg
File: epstopdf-sys.cfg 2021/03/18 v2.0 Configuration of epstopdf for MiKTeX
))
Package hyperref Info: Link coloring OFF on input line 75.
\@outlinefile=\write5
\openout5 = `OINS-Nguyen-2022.out'.

 (D:\Program Files (x86)\New folder\tex/latex/translator\translator-basic-dictionary-English.dict
Dictionary: translator-basic-dictionary, Language: English 
) (D:\Program Files (x86)\New folder\tex/latex/translator\translator-bibliography-dictionary-English.dict
Dictionary: translator-bibliography-dictionary, Language: English 
) (D:\Program Files (x86)\New folder\tex/latex/translator\translator-environment-dictionary-English.dict
Dictionary: translator-environment-dictionary, Language: English 
) (D:\Program Files (x86)\New folder\tex/latex/translator\translator-months-dictionary-English.dict
Dictionary: translator-months-dictionary, Language: English 
) (D:\Program Files (x86)\New folder\tex/latex/translator\translator-numbers-dictionary-English.dict
Dictionary: translator-numbers-dictionary, Language: English 
) (D:\Program Files (x86)\New folder\tex/latex/translator\translator-theorem-dictionary-English.dict
Dictionary: translator-theorem-dictionary, Language: English 
)
Package pgfplots notification 'compat/show suggested version=true': you might benefit from \pgfplotsset{compat=1.18} (current compat level: 1.15).

\c@lstlisting=\count382
Package caption Info: Begin \AtBeginDocument code.
Package caption Info: subfigure package is loaded.
Package caption Info: End \AtBeginDocument code.
No file OINS-Nguyen-2022.nav.

Overfull \hbox (31.90877pt too wide) in paragraph at lines 75--75
 [][][][]  
 []


Overfull \hbox (31.90877pt too wide) in paragraph at lines 77--77
 [][][][]  
 []

Missing character: There is no ; in font nullfont!

Underfull \hbox (badness 5592) in paragraph at lines 77--77
[]\T1/cmss/bx/n/17.28 Deep learned one-iteration non-lin-ear
 []

LaTeX Font Info:    Trying to load font information for U+msa on input line 77.
(D:\Program Files (x86)\New folder\tex/latex/amsfonts\umsa.fd
File: umsa.fd 2013/01/14 v3.01 AMS symbols A
)
LaTeX Font Info:    Trying to load font information for U+msb on input line 77.
 (D:\Program Files (x86)\New folder\tex/latex/amsfonts\umsb.fd
File: umsb.fd 2013/01/14 v3.01 AMS symbols B
)
LaTeX Font Info:    Trying to load font information for U+rsfs on input line 77.
 (D:\Program Files (x86)\New folder\tex/latex/jknappen\ursfs.fd
File: ursfs.fd 1998/03/24 rsfs font definition file (jk)
)
LaTeX Font Info:    Trying to load font information for T1+cmtt on input line 77.
 (D:\Program Files (x86)\New folder\tex/latex/base\t1cmtt.fd
File: t1cmtt.fd 2023/04/13 v2.5m Standard LaTeX font definitions
)
LaTeX Font Info:    Font shape `T1/cmtt/bx/n' in size <7> not available
(Font)              Font shape `T1/cmtt/m/n' tried instead on input line 77.
 [1

{C:/Users/norbs/AppData/Local/MiKTeX/fonts/map/pdftex/pdftex.map}]
\@verb\lstI=\box95
 (D:\Program Files (x86)\New folder\tex/latex/listings\lstlang1.sty
File: lstlang1.sty 2023/02/27 1.9 listings language file
) (D:\Program Files (x86)\New folder\tex/latex/listings\lstlang1.sty
File: lstlang1.sty 2023/02/27 1.9 listings language file
) (D:\Program Files (x86)\New folder\tex/latex/listings\lstmisc.sty
File: lstmisc.sty 2023/02/27 1.9 (Carsten Heinz)
)
Overfull \hbox (31.90877pt too wide) in paragraph at lines 96--96
 [][][][]  
 []

No file OINS-Nguyen-2022.toc.

Overfull \hbox (31.90877pt too wide) has occurred while \output is active
 [][][][]  
 []


Overfull \hbox (1.55846pt too wide) has occurred while \output is active
[][]  [] 
 []

[2

]
Overfull \hbox (31.90877pt too wide) in paragraph at lines 99--99
 [][][][]  
 []


Overfull \hbox (31.90877pt too wide) has occurred while \output is active
 [][][][]  
 []


Overfull \hbox (1.55846pt too wide) has occurred while \output is active
[][]  [] 
 []

[3

]
Overfull \hbox (31.90877pt too wide) in paragraph at lines 102--102
 [][][][]  
 []


Overfull \hbox (31.90877pt too wide) has occurred while \output is active
 [][][][]  
 []


Overfull \hbox (1.55846pt too wide) has occurred while \output is active
[][]  [] 
 []

[4

]
Overfull \hbox (31.90877pt too wide) in paragraph at lines 103--103
 [][][][]  
 []

No file OINS-Nguyen-2022.toc.

Overfull \hbox (31.90877pt too wide) has occurred while \output is active
 [][][][]  
 []


Overfull \hbox (1.55846pt too wide) has occurred while \output is active
[][]  [] 
 []

[5

]
Overfull \hbox (31.90877pt too wide) in paragraph at lines 106--106
 [][][][]  
 []


Overfull \hbox (31.90877pt too wide) has occurred while \output is active
 [][][][]  
 []


Overfull \hbox (1.55846pt too wide) has occurred while \output is active
[][]  [] 
 []

[6

]
Overfull \hbox (31.90877pt too wide) in paragraph at lines 141--141
 [][][][]  
 []


Overfull \hbox (31.90877pt too wide) has occurred while \output is active
 [][][][]  
 []


Overfull \hbox (1.55846pt too wide) has occurred while \output is active
[][]  [] 
 []

[7

]
Overfull \hbox (31.90877pt too wide) has occurred while \output is active
 [][][][]  
 []


Overfull \hbox (1.55846pt too wide) has occurred while \output is active
[][]  [] 
 []

[8

]
Overfull \hbox (31.90877pt too wide) in paragraph at lines 144--144
 [][][][]  
 []


Overfull \hbox (31.90877pt too wide) has occurred while \output is active
 [][][][]  
 []


Overfull \hbox (1.55846pt too wide) has occurred while \output is active
[][]  [] 
 []

[9

]
Overfull \hbox (31.90877pt too wide) in paragraph at lines 189--189
 [][][][]  
 []


Overfull \hbox (31.90877pt too wide) has occurred while \output is active
 [][][][]  
 []


Overfull \hbox (1.55846pt too wide) has occurred while \output is active
[][]  [] 
 []

[10

]
Overfull \hbox (31.90877pt too wide) has occurred while \output is active
 [][][][]  
 []


Overfull \hbox (1.55846pt too wide) has occurred while \output is active
[][]  [] 
 []

[11

]
Overfull \hbox (31.90877pt too wide) in paragraph at lines 224--224
 [][][][]  
 []


Overfull \hbox (31.90877pt too wide) has occurred while \output is active
 [][][][]  
 []


Overfull \hbox (1.55846pt too wide) has occurred while \output is active
[][]  [] 
 []

[12

]
Overfull \hbox (31.90877pt too wide) has occurred while \output is active
 [][][][]  
 []


Overfull \hbox (1.55846pt too wide) has occurred while \output is active
[][]  [] 
 []

[13

]
Overfull \hbox (31.90877pt too wide) has occurred while \output is active
 [][][][]  
 []


Overfull \hbox (1.55846pt too wide) has occurred while \output is active
[][]  [] 
 []

[14

]
Overfull \hbox (31.90877pt too wide) in paragraph at lines 236--236
 [][][][]  
 []


Overfull \hbox (31.90877pt too wide) has occurred while \output is active
 [][][][]  
 []


Overfull \hbox (1.55846pt too wide) has occurred while \output is active
[][]  [] 
 []

[15

]
Overfull \hbox (31.90877pt too wide) has occurred while \output is active
 [][][][]  
 []


Overfull \hbox (1.55846pt too wide) has occurred while \output is active
[][]  [] 
 []

[16

]
Overfull \hbox (31.90877pt too wide) has occurred while \output is active
 [][][][]  
 []


Overfull \hbox (1.55846pt too wide) has occurred while \output is active
[][]  [] 
 []

[17

]
Overfull \hbox (31.90877pt too wide) has occurred while \output is active
 [][][][]  
 []


Overfull \hbox (1.55846pt too wide) has occurred while \output is active
[][]  [] 
 []

[18

]
Overfull \hbox (31.90877pt too wide) in paragraph at lines 244--244
 [][][][]  
 []


Overfull \hbox (31.90877pt too wide) has occurred while \output is active
 [][][][]  
 []


Overfull \hbox (1.55846pt too wide) has occurred while \output is active
[][]  [] 
 []

[19

]
Overfull \hbox (31.90877pt too wide) has occurred while \output is active
 [][][][]  
 []


Overfull \hbox (1.55846pt too wide) has occurred while \output is active
[][]  [] 
 []

[20

]
Overfull \hbox (31.90877pt too wide) in paragraph at lines 256--256
 [][][][]  
 []


Overfull \hbox (31.90877pt too wide) has occurred while \output is active
 [][][][]  
 []


Overfull \hbox (1.55846pt too wide) has occurred while \output is active
[][]  [] 
 []

[21

]
Overfull \hbox (31.90877pt too wide) in paragraph at lines 271--271
 [][][][]  
 []


Overfull \hbox (31.90877pt too wide) has occurred while \output is active
 [][][][]  
 []


Overfull \hbox (1.55846pt too wide) has occurred while \output is active
[][]  [] 
 []

[22

]
Overfull \hbox (31.90877pt too wide) has occurred while \output is active
 [][][][]  
 []


Overfull \hbox (1.55846pt too wide) has occurred while \output is active
[][]  [] 
 []

[23

]
Overfull \hbox (31.90877pt too wide) has occurred while \output is active
 [][][][]  
 []


Overfull \hbox (1.55846pt too wide) has occurred while \output is active
[][]  [] 
 []

[24

]
Overfull \hbox (31.90877pt too wide) in paragraph at lines 283--283
 [][][][]  
 []


Overfull \hbox (31.90877pt too wide) has occurred while \output is active
 [][][][]  
 []


Overfull \hbox (1.55846pt too wide) has occurred while \output is active
[][]  [] 
 []

[25

]
Overfull \hbox (31.90877pt too wide) has occurred while \output is active
 [][][][]  
 []


Overfull \hbox (1.55846pt too wide) has occurred while \output is active
[][]  [] 
 []

[26

]
Overfull \hbox (31.90877pt too wide) has occurred while \output is active
 [][][][]  
 []


Overfull \hbox (1.55846pt too wide) has occurred while \output is active
[][]  [] 
 []

[27

]
Overfull \hbox (31.90877pt too wide) in paragraph at lines 284--284
 [][][][]  
 []

No file OINS-Nguyen-2022.toc.

Overfull \hbox (31.90877pt too wide) has occurred while \output is active
 [][][][]  
 []


Overfull \hbox (1.55846pt too wide) has occurred while \output is active
[][]  [] 
 []

[28

]
Overfull \hbox (31.90877pt too wide) in paragraph at lines 287--287
 [][][][]  
 []


Overfull \hbox (31.90877pt too wide) has occurred while \output is active
 [][][][]  
 []


Overfull \hbox (1.55846pt too wide) has occurred while \output is active
[][]  [] 
 []

[29

]
Overfull \hbox (31.90877pt too wide) in paragraph at lines 290--290
 [][][][]  
 []


Overfull \hbox (31.90877pt too wide) has occurred while \output is active
 [][][][]  
 []


Overfull \hbox (1.55846pt too wide) has occurred while \output is active
[][]  [] 
 []

[30

]
Overfull \hbox (31.90877pt too wide) in paragraph at lines 293--293
 [][][][]  
 []


Overfull \hbox (31.90877pt too wide) has occurred while \output is active
 [][][][]  
 []


Overfull \hbox (1.55846pt too wide) has occurred while \output is active
[][]  [] 
 []

[31

]
Overfull \hbox (31.90877pt too wide) in paragraph at lines 302--302
 [][][][]  
 []


LaTeX Warning: File `BeamerTemplateforBUCT/Figures/Modified Riks Method.png' not found on input line 302.


c:/Users/norbs/modeling-and-application/OINS-by-Nguyen-2022/presentation-slides/OINS-latex-files/OINS-Nguyen-2022.tex:302: Package pdftex.def Error: File `BeamerTemplateforBUCT/Figures/Modified Riks Method.png' not found: using draft setting.

See the pdftex.def package documentation for explanation.
Type  H <return>  for immediate help.
 ...                                              
                                                  
l.302 \end{frame}
                 
Try typing  <return>  to proceed.
If that doesn't work, type  X <return>  to quit.


Overfull \vbox (86.79666pt too high) detected at line 302
 []


Overfull \hbox (31.90877pt too wide) has occurred while \output is active
 [][][][]  
 []


Overfull \hbox (1.55846pt too wide) has occurred while \output is active
[][]  [] 
 []

[32

]
Overfull \hbox (31.90877pt too wide) in paragraph at lines 305--305
 [][][][]  
 []


Overfull \hbox (31.90877pt too wide) has occurred while \output is active
 [][][][]  
 []


Overfull \hbox (1.55846pt too wide) has occurred while \output is active
[][]  [] 
 []

[33

]
Overfull \hbox (31.90877pt too wide) in paragraph at lines 313--313
 [][][][]  
 []


LaTeX Warning: File `BeamerTemplateforBUCT/Figures/OINS Method.png' not found on input line 313.


c:/Users/norbs/modeling-and-application/OINS-by-Nguyen-2022/presentation-slides/OINS-latex-files/OINS-Nguyen-2022.tex:313: Package pdftex.def Error: File `BeamerTemplateforBUCT/Figures/OINS Method.png' not found: using draft setting.

See the pdftex.def package documentation for explanation.
Type  H <return>  for immediate help.
 ...                                              
                                                  
l.313 \end{frame}
                 
Try typing  <return>  to proceed.
If that doesn't work, type  X <return>  to quit.


pdfTeX warning (ext4): destination with the same identifier (name{fig:enter-label}) has been already used, duplicate ignored
<to be read again> 
                   \relax 
l.313 \end{frame}
                 
Overfull \vbox (64.82872pt too high) detected at line 313
 []


Overfull \hbox (31.90877pt too wide) has occurred while \output is active
 [][][][]  
 []


Overfull \hbox (1.55846pt too wide) has occurred while \output is active
[][]  [] 
 []

[34

]
Overfull \hbox (31.90877pt too wide) in paragraph at lines 321--321
 [][][][]  
 []


LaTeX Warning: File `BeamerTemplateforBUCT/Figures/OINS 8th Iteration.png' not found on input line 321.


c:/Users/norbs/modeling-and-application/OINS-by-Nguyen-2022/presentation-slides/OINS-latex-files/OINS-Nguyen-2022.tex:321: Package pdftex.def Error: File `BeamerTemplateforBUCT/Figures/OINS 8th Iteration.png' not found: using draft setting.

See the pdftex.def package documentation for explanation.
Type  H <return>  for immediate help.
 ...                                              
                                                  
l.321 \end{frame}
                 
Try typing  <return>  to proceed.
If that doesn't work, type  X <return>  to quit.


pdfTeX warning (ext4): destination with the same identifier (name{fig:enter-label}) has been already used, duplicate ignored
<to be read again> 
                   \relax 
l.321 \end{frame}
                 
Overfull \vbox (42.91814pt too high) detected at line 321
 []


Overfull \hbox (31.90877pt too wide) has occurred while \output is active
 [][][][]  
 []


Overfull \hbox (1.55846pt too wide) has occurred while \output is active
[][]  [] 
 []

[35

]
Overfull \hbox (31.90877pt too wide) in paragraph at lines 322--322
 [][][][]  
 []

No file OINS-Nguyen-2022.toc.

Overfull \hbox (31.90877pt too wide) has occurred while \output is active
 [][][][]  
 []


Overfull \hbox (1.55846pt too wide) has occurred while \output is active
[][]  [] 
 []

[36

]
Overfull \hbox (31.90877pt too wide) in paragraph at lines 325--325
 [][][][]  
 []


Overfull \hbox (31.90877pt too wide) has occurred while \output is active
 [][][][]  
 []


Overfull \hbox (1.55846pt too wide) has occurred while \output is active
[][]  [] 
 []

[37

]
Overfull \hbox (31.90877pt too wide) in paragraph at lines 328--328
 [][][][]  
 []


Overfull \hbox (31.90877pt too wide) has occurred while \output is active
 [][][][]  
 []


Overfull \hbox (1.55846pt too wide) has occurred while \output is active
[][]  [] 
 []

[38

]
Overfull \hbox (31.90877pt too wide) in paragraph at lines 338--338
 [][][][]  
 []


LaTeX Warning: File `BeamerTemplateforBUCT/Figures/GMDH Training.png' not found on input line 338.


c:/Users/norbs/modeling-and-application/OINS-by-Nguyen-2022/presentation-slides/OINS-latex-files/OINS-Nguyen-2022.tex:338: Package pdftex.def Error: File `BeamerTemplateforBUCT/Figures/GMDH Training.png' not found: using draft setting.

See the pdftex.def package documentation for explanation.
Type  H <return>  for immediate help.
 ...                                              
                                                  
l.338 \end{frame}
                 
Try typing  <return>  to proceed.
If that doesn't work, type  X <return>  to quit.


pdfTeX warning (ext4): destination with the same identifier (name{fig:enter-label}) has been already used, duplicate ignored
<to be read again> 
                   \relax 
l.338 \end{frame}
                 
Overfull \vbox (80.8621pt too high) detected at line 338
 []


Overfull \hbox (31.90877pt too wide) has occurred while \output is active
 [][][][]  
 []


Overfull \hbox (1.55846pt too wide) has occurred while \output is active
[][]  [] 
 []

[39

]
Overfull \hbox (31.90877pt too wide) in paragraph at lines 341--341
 [][][][]  
 []


Overfull \hbox (31.90877pt too wide) has occurred while \output is active
 [][][][]  
 []


Overfull \hbox (1.55846pt too wide) has occurred while \output is active
[][]  [] 
 []

[40

]
Overfull \hbox (31.90877pt too wide) in paragraph at lines 342--342
 [][][][]  
 []

No file OINS-Nguyen-2022.toc.

Overfull \hbox (31.90877pt too wide) has occurred while \output is active
 [][][][]  
 []


Overfull \hbox (1.55846pt too wide) has occurred while \output is active
[][]  [] 
 []

[41

]
Overfull \hbox (31.90877pt too wide) in paragraph at lines 345--345
 [][][][]  
 []


Overfull \hbox (31.90877pt too wide) has occurred while \output is active
 [][][][]  
 []


Overfull \hbox (1.55846pt too wide) has occurred while \output is active
[][]  [] 
 []

[42

]
Overfull \hbox (31.90877pt too wide) in paragraph at lines 354--354
 [][][][]  
 []


Overfull \hbox (31.90877pt too wide) has occurred while \output is active
 [][][][]  
 []


Overfull \hbox (1.55846pt too wide) has occurred while \output is active
[][]  [] 
 []

[43

]
Overfull \hbox (31.90877pt too wide) in paragraph at lines 365--365
 [][][][]  
 []


LaTeX Warning: File `BeamerTemplateforBUCT/Figures/DDNS vs OINS.png' not found on input line 365.


c:/Users/norbs/modeling-and-application/OINS-by-Nguyen-2022/presentation-slides/OINS-latex-files/OINS-Nguyen-2022.tex:365: Package pdftex.def Error: File `BeamerTemplateforBUCT/Figures/DDNS vs OINS.png' not found: using draft setting.

See the pdftex.def package documentation for explanation.
Type  H <return>  for immediate help.
 ...                                              
                                                  
l.365 \end{frame}
                 
Try typing  <return>  to proceed.
If that doesn't work, type  X <return>  to quit.


pdfTeX warning (ext4): destination with the same identifier (name{fig:enter-label}) has been already used, duplicate ignored
<to be read again> 
                   \relax 
l.365 \end{frame}
                 
Overfull \vbox (105.80608pt too high) detected at line 365
 []


Overfull \hbox (31.90877pt too wide) has occurred while \output is active
 [][][][]  
 []


Overfull \hbox (1.55846pt too wide) has occurred while \output is active
[][]  [] 
 []

[44

]

LaTeX Warning: File `BeamerTemplateforBUCT/Figures/DDNS vs OINS.png' not found on input line 365.


c:/Users/norbs/modeling-and-application/OINS-by-Nguyen-2022/presentation-slides/OINS-latex-files/OINS-Nguyen-2022.tex:365: Package pdftex.def Error: File `BeamerTemplateforBUCT/Figures/DDNS vs OINS.png' not found: using draft setting.

See the pdftex.def package documentation for explanation.
Type  H <return>  for immediate help.
 ...                                              
                                                  
l.365 \end{frame}
                 
Try typing  <return>  to proceed.
If that doesn't work, type  X <return>  to quit.


Overfull \vbox (105.80608pt too high) detected at line 365
 []


Overfull \hbox (31.90877pt too wide) has occurred while \output is active
 [][][][]  
 []


Overfull \hbox (1.55846pt too wide) has occurred while \output is active
[][]  [] 
 []

[45

]
Overfull \hbox (31.90877pt too wide) in paragraph at lines 374--374
 [][][][]  
 []


LaTeX Warning: File `BeamerTemplateforBUCT/Figures/OINS vs DDNS vs MR.png' not found on input line 374.


c:/Users/norbs/modeling-and-application/OINS-by-Nguyen-2022/presentation-slides/OINS-latex-files/OINS-Nguyen-2022.tex:374: Package pdftex.def Error: File `BeamerTemplateforBUCT/Figures/OINS vs DDNS vs MR.png' not found: using draft setting.

See the pdftex.def package documentation for explanation.
Type  H <return>  for immediate help.
 ...                                              
                                                  
l.374 \end{frame}
                 
Try typing  <return>  to proceed.
If that doesn't work, type  X <return>  to quit.


pdfTeX warning (ext4): destination with the same identifier (name{fig:enter-label}) has been already used, duplicate ignored
<to be read again> 
                   \relax 
l.374 \end{frame}
                 
Overfull \vbox (43.16783pt too high) detected at line 374
 []


Overfull \hbox (31.90877pt too wide) has occurred while \output is active
 [][][][]  
 []


Overfull \hbox (1.55846pt too wide) has occurred while \output is active
[][]  [] 
 []

[46

]
Overfull \hbox (31.90877pt too wide) in paragraph at lines 384--384
 [][][][]  
 []


LaTeX Warning: File `BeamerTemplateforBUCT/Figures/Cylindrical hinged panel under a point load.png' not found on input line 384.


c:/Users/norbs/modeling-and-application/OINS-by-Nguyen-2022/presentation-slides/OINS-latex-files/OINS-Nguyen-2022.tex:384: Package pdftex.def Error: File `BeamerTemplateforBUCT/Figures/Cylindrical hinged panel under a point load.png' not found: using draft setting.

See the pdftex.def package documentation for explanation.
Type  H <return>  for immediate help.
 ...                                              
                                                  
l.384 \end{frame}
                 
Try typing  <return>  to proceed.
If that doesn't work, type  X <return>  to quit.


pdfTeX warning (ext4): destination with the same identifier (name{fig:enter-label}) has been already used, duplicate ignored
<to be read again> 
                   \relax 
l.384 \end{frame}
                 
Overfull \vbox (56.8621pt too high) detected at line 384
 []


Overfull \hbox (31.90877pt too wide) has occurred while \output is active
 [][][][]  
 []


Overfull \hbox (1.55846pt too wide) has occurred while \output is active
[][]  [] 
 []

[47

]
Overfull \hbox (31.90877pt too wide) in paragraph at lines 397--397
 [][][][]  
 []


LaTeX Warning: File `BeamerTemplateforBUCT/M-R vs OINS 1 fig.png' not found on input line 397.


c:/Users/norbs/modeling-and-application/OINS-by-Nguyen-2022/presentation-slides/OINS-latex-files/OINS-Nguyen-2022.tex:397: Package pdftex.def Error: File `BeamerTemplateforBUCT/M-R vs OINS 1 fig.png' not found: using draft setting.

See the pdftex.def package documentation for explanation.
Type  H <return>  for immediate help.
 ...                                              
                                                  
l.397 \end{frame}
                 
Try typing  <return>  to proceed.
If that doesn't work, type  X <return>  to quit.


c:/Users/norbs/modeling-and-application/OINS-by-Nguyen-2022/presentation-slides/OINS-latex-files/OINS-Nguyen-2022.tex:397: Package keyval Error: centered undefined.

See the keyval package documentation for explanation.
Type  H <return>  for immediate help.
 ...                                              
                                                  
l.397 \end{frame}
                 
Try typing  <return>  to proceed.
If that doesn't work, type  X <return>  to quit.


LaTeX Warning: File `BeamerTemplateforBUCT/M-R vs OINS 1.png' not found on input line 397.


c:/Users/norbs/modeling-and-application/OINS-by-Nguyen-2022/presentation-slides/OINS-latex-files/OINS-Nguyen-2022.tex:397: Package pdftex.def Error: File `BeamerTemplateforBUCT/M-R vs OINS 1.png' not found: using draft setting.

See the pdftex.def package documentation for explanation.
Type  H <return>  for immediate help.
 ...                                              
                                                  
l.397 \end{frame}
                 
Try typing  <return>  to proceed.
If that doesn't work, type  X <return>  to quit.


Overfull \hbox (31.90877pt too wide) has occurred while \output is active
 [][][][]  
 []


Overfull \hbox (1.55846pt too wide) has occurred while \output is active
[][]  [] 
 []

[48

]
Overfull \hbox (31.90877pt too wide) in paragraph at lines 410--410
 [][][][]  
 []


LaTeX Warning: File `BeamerTemplateforBUCT/M-R vs OINS 2 fig.png' not found on input line 410.


c:/Users/norbs/modeling-and-application/OINS-by-Nguyen-2022/presentation-slides/OINS-latex-files/OINS-Nguyen-2022.tex:410: Package pdftex.def Error: File `BeamerTemplateforBUCT/M-R vs OINS 2 fig.png' not found: using draft setting.

See the pdftex.def package documentation for explanation.
Type  H <return>  for immediate help.
 ...                                              
                                                  
l.410 \end{frame}
                 
Try typing  <return>  to proceed.
If that doesn't work, type  X <return>  to quit.


c:/Users/norbs/modeling-and-application/OINS-by-Nguyen-2022/presentation-slides/OINS-latex-files/OINS-Nguyen-2022.tex:410: Package keyval Error: centered undefined.

See the keyval package documentation for explanation.
Type  H <return>  for immediate help.
 ...                                              
                                                  
l.410 \end{frame}
                 
Try typing  <return>  to proceed.
If that doesn't work, type  X <return>  to quit.


LaTeX Warning: File `BeamerTemplateforBUCT/M-R vs OINS 2 .png' not found on input line 410.


c:/Users/norbs/modeling-and-application/OINS-by-Nguyen-2022/presentation-slides/OINS-latex-files/OINS-Nguyen-2022.tex:410: Package pdftex.def Error: File `BeamerTemplateforBUCT/M-R vs OINS 2 .png' not found: using draft setting.

See the pdftex.def package documentation for explanation.
Type  H <return>  for immediate help.
 ...                                              
                                                  
l.410 \end{frame}
                 
Try typing  <return>  to proceed.
If that doesn't work, type  X <return>  to quit.


Overfull \hbox (31.90877pt too wide) has occurred while \output is active
 [][][][]  
 []


Overfull \hbox (1.55846pt too wide) has occurred while \output is active
[][]  [] 
 []

[49

]
Overfull \hbox (31.90877pt too wide) in paragraph at lines 411--411
 [][][][]  
 []

No file OINS-Nguyen-2022.toc.

Overfull \hbox (31.90877pt too wide) has occurred while \output is active
 [][][][]  
 []


Overfull \hbox (1.55846pt too wide) has occurred while \output is active
[][]  [] 
 []

[50

]
Overfull \hbox (31.90877pt too wide) in paragraph at lines 415--415
 [][][][]  
 []


Overfull \hbox (31.90877pt too wide) has occurred while \output is active
 [][][][]  
 []


Overfull \hbox (1.55846pt too wide) has occurred while \output is active
[][]  [] 
 []

[51

]
Overfull \hbox (31.90877pt too wide) in paragraph at lines 418--418
 [][][][]  
 []


Overfull \hbox (31.90877pt too wide) has occurred while \output is active
 [][][][]  
 []


Overfull \hbox (1.55846pt too wide) has occurred while \output is active
[][]  [] 
 []

[52

]
Overfull \hbox (31.90877pt too wide) in paragraph at lines 422--422
 [][][][]  
 []


LaTeX Warning: Citation `Nguyen1' on page 53 undefined on input line 422.


LaTeX Warning: Citation `Nguyen2' on page 53 undefined on input line 422.


Overfull \hbox (31.90877pt too wide) has occurred while \output is active
 [][][][]  
 []


Overfull \hbox (1.55846pt too wide) has occurred while \output is active
[][]  [] 
 []

[53

]
Overfull \hbox (31.90877pt too wide) in paragraph at lines 426--426
 [][][][]  
 []

No file OINS-Nguyen-2022.bbl.

Overfull \hbox (31.90877pt too wide) has occurred while \output is active
 [][][][]  
 []


Overfull \hbox (1.55846pt too wide) has occurred while \output is active
[][]  [] 
 []

[54

]
\tf@nav=\write6
\openout6 = `OINS-Nguyen-2022.nav'.

\tf@toc=\write7
\openout7 = `OINS-Nguyen-2022.toc'.

\tf@snm=\write8
\openout8 = `OINS-Nguyen-2022.snm'.

 (OINS-Nguyen-2022.aux)
 ***********
LaTeX2e <2023-06-01> patch level 1
L3 programming layer <2022/08/05>
 ***********


LaTeX Warning: There were undefined references.


LaTeX Warning: Label(s) may have changed. Rerun to get cross-references right.


Package rerunfilecheck Warning: File `OINS-Nguyen-2022.out' has changed.
(rerunfilecheck)                Rerun to get outlines right
(rerunfilecheck)                or use package `bookmark'.

Package rerunfilecheck Info: Checksums for `OINS-Nguyen-2022.out':
(rerunfilecheck)             Before: <no file>
(rerunfilecheck)             After:  543F2993262ABA3E4BFB4BAAA36C6095;802.
 ) 
Here is how much of TeX's memory you used:
 43096 strings out of 475551
 1026556 string characters out of 5767679
 1942238 words of memory out of 5000000
 63431 multiletter control sequences out of 15000+600000
 580299 words of font info for 94 fonts, out of 8000000 for 9000
 1141 hyphenation exceptions out of 8191
 128i,16n,123p,1480b,1255s stack positions out of 10000i,1000n,20000p,200000b,200000s
 <C:\Users\norbs\AppData\Local\MiKTeX\fonts/pk/ljfour/jknappen/ec/dpi600\ecss0900.pk> <C:\Users\norbs\AppData\Local\MiKTeX\fonts/pk/ljfour/jknappen/ec/dpi600\ectt1000.pk> <C:\Users\norbs\AppData\Local\MiKTeX\fonts/pk/ljfour/jknappen/ec/dpi600\ecsx1000.pk> <C:\Users\norbs\AppData\Local\MiKTeX\fonts/pk/ljfour/jknappen/ec/dpi600\ecss0700.pk> <C:\Users\norbs\AppData\Local\MiKTeX\fonts/pk/ljfour/jknappen/ec/dpi600\ecss1000.pk> <C:\Users\norbs\AppData\Local\MiKTeX\fonts/pk/ljfour/jknappen/ec/dpi600\ecss0600.pk> <C:\Users\norbs\AppData\Local\MiKTeX\fonts/pk/ljfour/jknappen/ec/dpi600\ecsx1440.pk> <C:\Users\norbs\AppData\Local\MiKTeX\fonts/pk/ljfour/jknappen/ec/dpi600\ecss0800.pk> <C:\Users\norbs\AppData\Local\MiKTeX\fonts/pk/ljfour/jknappen/ec/dpi600\ecsx0900.pk> <C:\Users\norbs\AppData\Local\MiKTeX\fonts/pk/ljfour/jknappen/ec/dpi600\ecsx1728.pk><D:/Program Files (x86)/New folder/fonts/type1/public/amsfonts/cm/cmex10.pfb><D:/Program Files (x86)/New folder/fonts/type1/public/amsfonts/cm/cmmi10.pfb><D:/Program Files (x86)/New folder/fonts/type1/public/amsfonts/cm/cmmi7.pfb><D:/Program Files (x86)/New folder/fonts/type1/public/amsfonts/cm/cmmi9.pfb><D:/Program Files (x86)/New folder/fonts/type1/public/amsfonts/cm/cmr10.pfb><D:/Program Files (x86)/New folder/fonts/type1/public/amsfonts/cm/cmr7.pfb><D:/Program Files (x86)/New folder/fonts/type1/public/amsfonts/cm/cmsy10.pfb><D:/Program Files (x86)/New folder/fonts/type1/public/amsfonts/cm/cmsy7.pfb>
Output written on OINS-Nguyen-2022.pdf (54 pages, 326189 bytes).
PDF statistics:
 907 PDF objects out of 1000 (max. 8388607)
 116 named destinations out of 1000 (max. 500000)
 397 words of extra memory for PDF output out of 10000 (max. 10000000)

